{"level":"fatal","message":"This is a fatal log","timestamp":"2024-07-10T18:39:55.918Z"}
{"level":"fatal","message":"This is a fatal log","timestamp":"2024-07-10T18:39:58.195Z"}
{"level":"fatal","message":"This is a fatal log","timestamp":"2024-07-10T18:58:13.203Z"}
{"level":"error","message":"This is an error log","timestamp":"2024-07-10T18:58:13.205Z"}
{"level":"fatal","message":"This is a fatal log","timestamp":"2024-07-10T19:58:34.337Z"}
{"level":"error","message":"This is an error log","timestamp":"2024-07-10T19:58:34.339Z"}
{"level":"fatal","message":"This is a fatal log","timestamp":"2024-07-10T19:58:42.223Z"}
{"level":"error","message":"This is an error log","timestamp":"2024-07-10T19:58:42.224Z"}
{"level":"error","message":"Error de la operación de autenticación","timestamp":"2024-07-14T16:29:25.168Z"}
{"level":"error","message":"Error de la operación de autenticación","timestamp":"2024-07-19T12:20:59.719Z"}
{"level":"error","message":"Error al crear un producto.Error:Product creation error: Error al tratar de crear un producto\n    at CustomError.createProductError (file:///F:/Juan/CursoProgramaci%C3%B3n/Backend/backEnd-eCommerce/src/utils/CustomError.js:41:17)\n    at createProduct (file:///F:/Juan/CursoProgramaci%C3%B3n/Backend/backEnd-eCommerce/src/controllers/productsController.js:148:23)\n    at Layer.handle [as handle_request] (F:\\Juan\\CursoProgramación\\Backend\\backEnd-eCommerce\\node_modules\\express\\lib\\router\\layer.js:95:5)\n    at next (F:\\Juan\\CursoProgramación\\Backend\\backEnd-eCommerce\\node_modules\\express\\lib\\router\\route.js:149:13)\n    at file:///F:/Juan/CursoProgramaci%C3%B3n/Backend/backEnd-eCommerce/src/middleware/auth.js:13:11\n    at Layer.handle [as handle_request] (F:\\Juan\\CursoProgramación\\Backend\\backEnd-eCommerce\\node_modules\\express\\lib\\router\\layer.js:95:5)\n    at next (F:\\Juan\\CursoProgramación\\Backend\\backEnd-eCommerce\\node_modules\\express\\lib\\router\\route.js:149:13)\n    at complete (F:\\Juan\\CursoProgramación\\Backend\\backEnd-eCommerce\\node_modules\\passport\\lib\\middleware\\authenticate.js:280:13)\n    at F:\\Juan\\CursoProgramación\\Backend\\backEnd-eCommerce\\node_modules\\passport\\lib\\middleware\\authenticate.js:287:15\n    at pass (F:\\Juan\\CursoProgramación\\Backend\\backEnd-eCommerce\\node_modules\\passport\\lib\\authenticator.js:446:14)","timestamp":"2024-07-20T12:53:56.164Z"}
{"level":"error","message":"Error al crear un producto.Error:Product creation error: Error al tratar de crear un producto\n    at CustomError.createProductError (file:///F:/Juan/CursoProgramaci%C3%B3n/Backend/backEnd-eCommerce/src/utils/CustomError.js:41:17)\n    at createProduct (file:///F:/Juan/CursoProgramaci%C3%B3n/Backend/backEnd-eCommerce/src/controllers/productsController.js:148:23)\n    at Layer.handle [as handle_request] (F:\\Juan\\CursoProgramación\\Backend\\backEnd-eCommerce\\node_modules\\express\\lib\\router\\layer.js:95:5)\n    at next (F:\\Juan\\CursoProgramación\\Backend\\backEnd-eCommerce\\node_modules\\express\\lib\\router\\route.js:149:13)\n    at file:///F:/Juan/CursoProgramaci%C3%B3n/Backend/backEnd-eCommerce/src/middleware/auth.js:13:11\n    at Layer.handle [as handle_request] (F:\\Juan\\CursoProgramación\\Backend\\backEnd-eCommerce\\node_modules\\express\\lib\\router\\layer.js:95:5)\n    at next (F:\\Juan\\CursoProgramación\\Backend\\backEnd-eCommerce\\node_modules\\express\\lib\\router\\route.js:149:13)\n    at complete (F:\\Juan\\CursoProgramación\\Backend\\backEnd-eCommerce\\node_modules\\passport\\lib\\middleware\\authenticate.js:280:13)\n    at F:\\Juan\\CursoProgramación\\Backend\\backEnd-eCommerce\\node_modules\\passport\\lib\\middleware\\authenticate.js:287:15\n    at pass (F:\\Juan\\CursoProgramación\\Backend\\backEnd-eCommerce\\node_modules\\passport\\lib\\authenticator.js:446:14)","timestamp":"2024-07-20T12:54:24.662Z"}
{"level":"error","message":"Error al crear un producto.Error:ObjectParameterError: Parameter \"filter\" to findOne() must be an object, got \"667731b17ccdb7fb28880bb4\" (type string)\n    at Query.findOne (F:\\Juan\\CursoProgramación\\Backend\\backEnd-eCommerce\\node_modules\\mongoose\\lib\\query.js:2592:16)\n    at Function.findOne (F:\\Juan\\CursoProgramación\\Backend\\backEnd-eCommerce\\node_modules\\mongoose\\lib\\model.js:2358:13)\n    at UsersMongoDAO.getUserBy (file:///F:/Juan/CursoProgramaci%C3%B3n/Backend/backEnd-eCommerce/src/dao/UsersMongoDAO.js:8:26)\n    at UserService.getUserBy (file:///F:/Juan/CursoProgramaci%C3%B3n/Backend/backEnd-eCommerce/src/repository/users.service.js:12:30)\n    at createProduct (file:///F:/Juan/CursoProgramaci%C3%B3n/Backend/backEnd-eCommerce/src/controllers/productsController.js:163:39)\n    at Layer.handle [as handle_request] (F:\\Juan\\CursoProgramación\\Backend\\backEnd-eCommerce\\node_modules\\express\\lib\\router\\layer.js:95:5)\n    at next (F:\\Juan\\CursoProgramación\\Backend\\backEnd-eCommerce\\node_modules\\express\\lib\\router\\route.js:149:13)\n    at file:///F:/Juan/CursoProgramaci%C3%B3n/Backend/backEnd-eCommerce/src/middleware/auth.js:13:11\n    at Layer.handle [as handle_request] (F:\\Juan\\CursoProgramación\\Backend\\backEnd-eCommerce\\node_modules\\express\\lib\\router\\layer.js:95:5)\n    at next (F:\\Juan\\CursoProgramación\\Backend\\backEnd-eCommerce\\node_modules\\express\\lib\\router\\route.js:149:13)","timestamp":"2024-07-20T12:55:20.992Z"}
{"level":"error","message":"Error al crear un producto.Error:ObjectParameterError: Parameter \"filter\" to findOne() must be an object, got \"667731b17ccdb7fb28880bb4\" (type string)\n    at Query.findOne (F:\\Juan\\CursoProgramación\\Backend\\backEnd-eCommerce\\node_modules\\mongoose\\lib\\query.js:2592:16)\n    at Function.findOne (F:\\Juan\\CursoProgramación\\Backend\\backEnd-eCommerce\\node_modules\\mongoose\\lib\\model.js:2358:13)\n    at UsersMongoDAO.getUserBy (file:///F:/Juan/CursoProgramaci%C3%B3n/Backend/backEnd-eCommerce/src/dao/UsersMongoDAO.js:8:26)\n    at UserService.getUserBy (file:///F:/Juan/CursoProgramaci%C3%B3n/Backend/backEnd-eCommerce/src/repository/users.service.js:12:30)\n    at createProduct (file:///F:/Juan/CursoProgramaci%C3%B3n/Backend/backEnd-eCommerce/src/controllers/productsController.js:164:39)\n    at Layer.handle [as handle_request] (F:\\Juan\\CursoProgramación\\Backend\\backEnd-eCommerce\\node_modules\\express\\lib\\router\\layer.js:95:5)\n    at next (F:\\Juan\\CursoProgramación\\Backend\\backEnd-eCommerce\\node_modules\\express\\lib\\router\\route.js:149:13)\n    at file:///F:/Juan/CursoProgramaci%C3%B3n/Backend/backEnd-eCommerce/src/middleware/auth.js:13:11\n    at Layer.handle [as handle_request] (F:\\Juan\\CursoProgramación\\Backend\\backEnd-eCommerce\\node_modules\\express\\lib\\router\\layer.js:95:5)\n    at next (F:\\Juan\\CursoProgramación\\Backend\\backEnd-eCommerce\\node_modules\\express\\lib\\router\\route.js:149:13)","timestamp":"2024-07-20T12:56:40.770Z"}
{"level":"error","message":"Error al crear un producto.Error:ValidationError: products validation failed: owner: Cast to ObjectId failed for value \"admin\" (type string) at path \"owner\" because of \"BSONError\"\n    at Document.invalidate (F:\\Juan\\CursoProgramación\\Backend\\backEnd-eCommerce\\node_modules\\mongoose\\lib\\document.js:3289:32)\n    at applyDefaults (F:\\Juan\\CursoProgramación\\Backend\\backEnd-eCommerce\\node_modules\\mongoose\\lib\\helpers\\document\\applyDefaults.js:103:17)\n    at model.Document (F:\\Juan\\CursoProgramación\\Backend\\backEnd-eCommerce\\node_modules\\mongoose\\lib\\document.js:158:7)\n    at model.Model (F:\\Juan\\CursoProgramación\\Backend\\backEnd-eCommerce\\node_modules\\mongoose\\lib\\model.js:131:12)\n    at new model (F:\\Juan\\CursoProgramación\\Backend\\backEnd-eCommerce\\node_modules\\mongoose\\lib\\model.js:4816:15)\n    at F:\\Juan\\CursoProgramación\\Backend\\backEnd-eCommerce\\node_modules\\mongoose\\lib\\model.js:2958:20\n    at Array.map (<anonymous>)\n    at Function.create (F:\\Juan\\CursoProgramación\\Backend\\backEnd-eCommerce\\node_modules\\mongoose\\lib\\model.js:2946:34)\n    at ProductsMongoDAO.addProduct (file:///F:/Juan/CursoProgramaci%C3%B3n/Backend/backEnd-eCommerce/src/dao/ProductsMongoDAO.js:20:29)\n    at createProduct (file:///F:/Juan/CursoProgramaci%C3%B3n/Backend/backEnd-eCommerce/src/controllers/productsController.js:173:38)","timestamp":"2024-07-20T12:57:03.607Z"}
{"level":"error","message":"Error de la operación de autenticación","timestamp":"2024-07-25T21:02:35.255Z"}
{"level":"error","message":"Error de la operación de autenticación","timestamp":"2024-07-25T21:02:40.433Z"}
{"level":"error","message":"Error de la operación de autenticación","timestamp":"2024-07-26T00:27:17.476Z"}
{"level":"error","message":"Error de la operación de autenticación","timestamp":"2024-07-26T00:28:01.384Z"}
{"level":"error","message":"Error de la operación de autenticación","timestamp":"2024-07-26T00:28:09.217Z"}
{"level":"error","message":"Error de la operación de autenticación","timestamp":"2024-07-26T00:28:15.983Z"}
{"level":"error","message":"Error de la operación de autenticación","timestamp":"2024-07-26T01:08:56.597Z"}
{"level":"error","message":"Error de la operación de autenticación","timestamp":"2024-07-26T01:09:06.938Z"}
{"level":"error","message":"Error de la operación de autenticación","timestamp":"2024-07-26T01:09:10.825Z"}
{"level":"error","message":"Error de la operación de autenticación","timestamp":"2024-07-26T01:09:33.529Z"}
{"level":"error","message":"Error de la operación de autenticación","timestamp":"2024-07-26T01:09:36.757Z"}
{"level":"error","message":"Error de la operación de autenticación","timestamp":"2024-07-26T01:09:40.127Z"}
{"level":"error","message":"Error de la operación de autenticación","timestamp":"2024-07-26T01:09:43.425Z"}
{"level":"error","message":"Error de la operación de autenticación","timestamp":"2024-07-31T22:46:13.506Z"}
{"level":"error","message":"Error de la operación de autenticación","timestamp":"2024-08-01T02:08:44.482Z"}
{"level":"error","message":"Error de la operación de autenticación","timestamp":"2024-08-01T02:11:07.964Z"}
{"level":"error","message":"Error al iniciar sesion","timestamp":"2024-08-03T02:31:45.445Z"}
{"level":"error","message":"Error al iniciar sesion","timestamp":"2024-08-03T02:32:51.332Z"}
{"level":"error","message":"Error al iniciar sesion","timestamp":"2024-08-04T17:17:26.791Z"}
{"level":"error","message":"Error al iniciar sesion","timestamp":"2024-08-04T17:20:41.893Z"}
{"level":"error","message":"Error al iniciar sesion","timestamp":"2024-08-04T17:21:11.102Z"}
{"level":"error","message":"Error al iniciar sesion","timestamp":"2024-08-04T17:21:31.702Z"}
{"level":"error","message":"Error al iniciar sesion","timestamp":"2024-08-04T17:27:21.537Z"}
{"level":"error","message":"Error al iniciar sesion","timestamp":"2024-08-04T17:29:02.197Z"}
{"level":"error","message":"Error al iniciar sesion","timestamp":"2024-08-04T17:29:27.053Z"}
{"level":"error","message":"Error de la operación de autenticación","timestamp":"2024-08-04T17:32:56.990Z"}
{"level":"error","message":"Error de la operación de autenticación","timestamp":"2024-08-07T22:47:51.577Z"}
{"level":"error","message":"Error de la operación de autenticación","timestamp":"2024-08-07T22:50:06.451Z"}
{"level":"error","message":"Error durante el registroerror:Error: Can't send mail - all recipients were rejected: 553-5.1.3 The recipient address <'mica@test.com.ar'> is not a valid RFC 5321\n553-5.1.3 address. For more information, go to\n553-5.1.3  https://support.google.com/a/answer/3221692 and review RFC 5321\n553 5.1.3 specifications. d2e1a72fcca58-710cb2ccf68sm17914b3a.130 - gsmtp\n    at SMTPConnection._formatError (F:\\Juan\\CursoProgramación\\Backend\\backEnd-eCommerce\\node_modules\\nodemailer\\lib\\smtp-connection\\index.js:798:19)\n    at SMTPConnection._actionRCPT (F:\\Juan\\CursoProgramación\\Backend\\backEnd-eCommerce\\node_modules\\nodemailer\\lib\\smtp-connection\\index.js:1667:28)\n    at SMTPConnection.<anonymous> (F:\\Juan\\CursoProgramación\\Backend\\backEnd-eCommerce\\node_modules\\nodemailer\\lib\\smtp-connection\\index.js:1620:30)\n    at SMTPConnection._processResponse (F:\\Juan\\CursoProgramación\\Backend\\backEnd-eCommerce\\node_modules\\nodemailer\\lib\\smtp-connection\\index.js:982:20)\n    at SMTPConnection._onData (F:\\Juan\\CursoProgramación\\Backend\\backEnd-eCommerce\\node_modules\\nodemailer\\lib\\smtp-connection\\index.js:763:14)\n    at SMTPConnection._onSocketData (F:\\Juan\\CursoProgramación\\Backend\\backEnd-eCommerce\\node_modules\\nodemailer\\lib\\smtp-connection\\index.js:195:44)\n    at TLSSocket.emit (node:events:513:28)\n    at addChunk (node:internal/streams/readable:324:12)\n    at readableAddChunk (node:internal/streams/readable:297:9)\n    at Readable.push (node:internal/streams/readable:234:10)","timestamp":"2024-08-07T22:52:25.093Z"}
{"level":"error","message":"Error de la operación de autenticación","timestamp":"2024-08-07T22:56:52.265Z"}
{"level":"error","message":"Error de la operación de autenticación","timestamp":"2024-08-07T22:57:36.109Z"}
{"level":"error","message":"Error de la operación de autenticación","timestamp":"2024-08-07T23:06:03.185Z"}
{"level":"error","message":"Error de la operación de autenticación","timestamp":"2024-08-07T23:12:28.773Z"}
{"level":"error","message":"Error de la operación de autenticación","timestamp":"2024-08-08T01:39:07.881Z"}
{"level":"error","message":"Error de la operación de autenticación","timestamp":"2024-08-08T01:39:09.328Z"}
{"level":"error","message":"Error de la operación de autenticación","timestamp":"2024-08-08T01:41:24.139Z"}
{"level":"error","message":"Error de la operación de autenticación","timestamp":"2024-08-08T01:41:37.352Z"}
{"level":"error","message":"Error en la operación de autenticación","timestamp":"2024-08-08T01:51:48.908Z"}
{"level":"error","message":"Error en la operación de autenticación","timestamp":"2024-08-08T01:52:38.309Z"}
{"level":"error","message":"Error en la operación de autenticación","timestamp":"2024-08-08T01:56:46.865Z"}
{"level":"error","message":"Error en la operación de autenticación","timestamp":"2024-08-08T01:57:02.108Z"}
{"level":"error","message":"Error en la operación de autenticación","timestamp":"2024-08-08T01:58:02.539Z"}
{"level":"error","message":"Error en la operación de autenticación","timestamp":"2024-08-08T01:59:42.916Z"}
